<?xml version="1.0" encoding="utf-8"?><testsuites name="pytest tests"><testsuite name="pytest" errors="0" failures="0" skipped="0" tests="21" time="3.255" timestamp="2026-05-02T08:17:17.800044+00:00" hostname="agent-env-31744fb3-c252-4b05-bccd-c557264220a3"><testcase classname="backend.tests.test_gympro_api.TestAuth" name="test_login_success" time="0.399" /><testcase classname="backend.tests.test_gympro_api.TestAuth" name="test_login_invalid" time="0.269" /><testcase classname="backend.tests.test_gympro_api.TestAuth" name="test_me_requires_token" time="0.100" /><testcase classname="backend.tests.test_gympro_api.TestAuth" name="test_me_success" time="0.315" /><testcase classname="backend.tests.test_gympro_api.TestAuth" name="test_register_new_gym" time="0.429" /><testcase classname="backend.tests.test_gympro_api.TestMembers" name="test_list_members_seeded" time="0.053" /><testcase classname="backend.tests.test_gympro_api.TestMembers" name="test_create_member_auto_id_and_persist" time="0.151" /><testcase classname="backend.tests.test_gympro_api.TestAttendance" name="test_list_attendance" time="0.083" /><testcase classname="backend.tests.test_gympro_api.TestAttendance" name="test_filter_by_date" time="0.046" /><testcase classname="backend.tests.test_gympro_api.TestAttendance" name="test_mark_no_duplicates" time="0.138" /><testcase classname="backend.tests.test_gympro_api.TestPayments" name="test_list_payments" time="0.048" /><testcase classname="backend.tests.test_gympro_api.TestPayments" name="test_create_payment_extends_expiry" time="0.142" /><testcase classname="backend.tests.test_gympro_api.TestLeads" name="test_leads_seeded" time="0.046" /><testcase classname="backend.tests.test_gympro_api.TestLeads" name="test_create_and_patch_status" time="0.136" /><testcase classname="backend.tests.test_gympro_api.TestMisc" name="test_trainers" time="0.045" /><testcase classname="backend.tests.test_gympro_api.TestMisc" name="test_classes" time="0.045" /><testcase classname="backend.tests.test_gympro_api.TestMisc" name="test_plans" time="0.045" /><testcase classname="backend.tests.test_gympro_api.TestMisc" name="test_expenses" time="0.049" /><testcase classname="backend.tests.test_gympro_api.TestMisc" name="test_create_update_delete_trainer" time="0.139" /><testcase classname="backend.tests.test_gympro_api.TestDashboard" name="test_stats_shape" time="0.056" /><testcase classname="backend.tests.test_gympro_api.TestMultiTenant" name="test_new_gym_sees_no_demo_data" time="0.452" /></testsuite></testsuites>